<?xml version="1.0" encoding="UTF-8" standalone="no"?>
<testsuite failures="0" name="cucumber.runtime.formatter.JUnitFormatter" skipped="0" tests="1" time="19.24112">
    <testcase classname="To validate the login functionality of amazon application" name="To validate login by using multi dimensional map search credentials" time="19.24112">
        <system-out><![CDATA[When user have got the valid datas from feature file........................passed
Then user have click the login button after entering".......................passed
]]></system-out>
    </testcase>
</testsuite>
